24.09.21 01:16 PM  Программа клиент запущена
24.09.21 01:16 PM  запущен парсинг файла server_settings.csv
24.09.21 01:16 PM  файл прочитан
24.09.21 01:16 PM  Прочитаны настройки сервера: SeverSettings{host='127.0.0.1', port=55555}
24.09.21 01:17 PM  Socket closed
24.09.21 03:03 PM  Программа клиент запущена
24.09.21 03:03 PM  запущен парсинг файла server_settings.csv
24.09.21 03:03 PM  файл прочитан
24.09.21 03:03 PM  Прочитаны настройки сервера: SeverSettings{host='127.0.0.1', port=55555}
24.09.21 03:03 PM  Connection refused: connect
24.09.21 03:03 PM  null
24.09.21 03:07 PM  Программа клиент запущена
24.09.21 03:07 PM  запущен парсинг файла server_settings.csv
24.09.21 03:07 PM  файл прочитан
24.09.21 03:07 PM  Прочитаны настройки сервера: SeverSettings{host='127.0.0.1', port=55555}
24.09.21 03:07 PM  Connection refused: connect
24.09.21 03:12 PM  Программа клиент запущена
24.09.21 03:12 PM  запущен парсинг файла server_settings.csv
24.09.21 03:12 PM  файл прочитан
24.09.21 03:12 PM  Прочитаны настройки сервера: SeverSettings{host='127.0.0.1', port=55555}
24.09.21 03:12 PM  Connection refused: connect
24.09.21 03:23 PM  Программа клиент запущена
24.09.21 03:23 PM  запущен парсинг файла server_settings.csv
24.09.21 03:23 PM  файл прочитан
24.09.21 03:23 PM  Прочитаны настройки сервера: SeverSettings{host='127.0.0.1', port=55555}
24.09.21 03:23 PM  model.Message; local class incompatible: stream classdesc serialVersionUID = 7932305855347783944, local class serialVersionUID = 1234567
24.09.21 03:27 PM  Программа клиент запущена
24.09.21 03:27 PM  запущен парсинг файла server_settings.csv
24.09.21 03:27 PM  файл прочитан
24.09.21 03:27 PM  Прочитаны настройки сервера: SeverSettings{host='127.0.0.1', port=55555}
24.09.21 03:28 PM  Socket closed
25.09.21 01:09 PM  Программа клиент запущена
25.09.21 01:09 PM  запущен парсинг файла server_settings.csv
25.09.21 01:09 PM  файл прочитан
25.09.21 01:09 PM  Прочитаны настройки сервера: SeverSettings{host='127.0.0.1', port=55555}
25.09.21 01:11 PM  Socket closed
