24.09.21 01:17 PM   2 :  Введите ваше сообщение: 
24.09.21 01:17 PM   #SERVER# :  Новый участник <2> вошёл в чат!
24.09.21 01:17 PM   2 :  dsf
24.09.21 01:17 PM   2 :  dsf
24.09.21 01:17 PM   1 :  dsf
24.09.21 03:10 PM   2131 :  213
24.09.21 03:10 PM   2131 :  213
24.09.21 03:23 PM   1 :  Введите ваше сообщение: 
24.09.21 03:23 PM   1 :  dsafas
24.09.21 03:27 PM   1 :  Введите ваше сообщение: 
24.09.21 03:27 PM   #SERVER# :  Новый участник <1> вошёл в чат!
24.09.21 03:27 PM   1 :  dsf
24.09.21 03:27 PM   1 :  dsf
24.09.21 03:27 PM   #SERVER# :  Новый участник <2> вошёл в чат!
24.09.21 03:27 PM   2 :  ghbdt
24.09.21 03:27 PM   2 :  hi
24.09.21 03:27 PM   1 :  dfas
24.09.21 03:27 PM   1 :  dfas
24.09.21 03:28 PM   #SERVER# :  Клиент 2 Покинул чат 
25.09.21 01:09 PM   1 :  Введите ваше сообщение: 
25.09.21 01:09 PM   1 :  
25.09.21 01:09 PM   3 :  
25.09.21 01:09 PM   #SERVER# :  Новый участник <3> вошёл в чат!
25.09.21 01:09 PM   3 :  fsdfasdf
25.09.21 01:09 PM   3 :  fsdfasdf
25.09.21 01:09 PM   1 :  fsjd
25.09.21 01:09 PM   2 :  
25.09.21 01:09 PM   #SERVER# :  участник 3 переименовался и тепер 2
25.09.21 01:10 PM   1 :  2>dsfj;askjd
25.09.21 01:10 PM   1 :  dsfj;alsd
