
Программа запущена : 15.08.21 02:32 PM
Программа запущена : 15.08.21 02:39 PM
Программа запущена : 15.08.21 02:44 PM
Программа запущена : 15.08.21 02:49 PM
Программа запущена : 15.08.21 02:56 PM
Программа запущена : 15.08.21 03:04 PM
Программа запущена : 15.08.21 03:10 PM
Программа запущена : 15.08.21 03:12 PM
Программа запущена : 15.08.21 03:19 PM
Программа запущена : 15.08.21 03:20 PM
Программа запущена : 15.08.21 03:29 PM
Программа запущена : 15.08.21 03:30 PM
Программа запущена : 15.08.21 03:37 PM
Программа запущена : 15.08.21 03:37 PM
Программа запущена : 15.08.21 03:40 PM
Программа запущена : 15.08.21 03:50 PM
Программа запущена : 15.08.21 04:07 PM
Прочитаны настройки сервера: SeverSettings{host='127.0.0.1', port=55555}
Программа запущена : 15.08.21 04:42 PM
запущен парсинг файла server_settings.csv
файл прочитан
Прочитаны настройки сервера: SeverSettings{host='127.0.0.1', port=55555}
15.08.21 04:47 PM  Программа запущена : 15.08.21 04:47 PM
15.08.21 04:47 PM  запущен парсинг файла server_settings.csv
15.08.21 04:47 PM  файл прочитан
15.08.21 04:47 PM  Прочитаны настройки сервера: SeverSettings{host='127.0.0.1', port=55555}
15.08.21 05:25 PM  Программа запущена :
15.08.21 05:25 PM  запущен парсинг файла server_settings.csv
15.08.21 05:25 PM  файл прочитан
15.08.21 05:35 PM  Программа запущена : 
15.08.21 05:35 PM  запущен парсинг файла server_settings.csv
15.08.21 05:35 PM  файл прочитан
15.08.21 05:35 PM  Прочитаны настройки сервера: SeverSettings{host='127.0.0.1', port=55555}
15.08.21 10:00 PM  Программа запущена : 
15.08.21 10:00 PM  запущен парсинг файла server_settings.csv
15.08.21 10:00 PM  файл прочитан
15.08.21 10:00 PM  Прочитаны настройки сервера: SeverSettings{host='127.0.0.1', port=55555}
15.08.21 10:00 PM  Сервер занял порт 55555 на машине 127.0.0.1
15.08.21 10:01 PM  создано соедниение с клиентом
15.08.21 10:04 PM  Программа запущена : 
15.08.21 10:04 PM  запущен парсинг файла server_settings.csv
15.08.21 10:04 PM  файл прочитан
15.08.21 10:04 PM  Прочитаны настройки сервера: SeverSettings{host='127.0.0.1', port=55555}
15.08.21 10:04 PM  Сервер занял порт 55555 на машине 127.0.0.1
15.08.21 10:06 PM  создано соедниение с клиентом
15.08.21 10:06 PM  Пользователь присоединился
15.08.21 10:12 PM  создано соедниение с клиентом
15.08.21 10:12 PM  Пользователь присоединился
15.08.21 10:22 PM  Программа запущена : 
15.08.21 10:22 PM  запущен парсинг файла server_settings.csv
15.08.21 10:22 PM  файл прочитан
15.08.21 10:22 PM  Прочитаны настройки сервера: SeverSettings{host='127.0.0.1', port=55555}
15.08.21 10:22 PM  Сервер занял порт 55555 на машине 127.0.0.1
15.08.21 10:22 PM  создано соедниение с клиентом
15.08.21 10:22 PM  Пользователь присоединился
15.08.21 10:22 PM  создано соедниение с клиентом
15.08.21 10:22 PM  Пользователь присоединился
15.08.21 10:40 PM  Программа запущена : 
15.08.21 10:40 PM  запущен парсинг файла server_settings.csv
15.08.21 10:40 PM  файл прочитан
15.08.21 10:40 PM  Прочитаны настройки сервера: SeverSettings{host='127.0.0.1', port=55555}
15.08.21 10:40 PM  Сервер занял порт 55555 на машине 127.0.0.1
15.08.21 10:41 PM  создано соедниение с клиентом
15.08.21 10:41 PM  Пользователь присоединился
15.08.21 10:41 PM  запущен поток с клиентом
15.08.21 10:41 PM  создано соедниение с клиентом
15.08.21 10:41 PM  Пользователь присоединился
15.08.21 10:41 PM  запущен поток с клиентом
15.08.21 11:04 PM  Программа запущена : 
15.08.21 11:04 PM  запущен парсинг файла server_settings.csv
15.08.21 11:04 PM  файл прочитан
15.08.21 11:04 PM  Прочитаны настройки сервера: SeverSettings{host='127.0.0.1', port=55555}
15.08.21 11:04 PM  Сервер занял порт 55555 на машине 127.0.0.1
15.08.21 11:04 PM  создано соедниение с клиентом
15.08.21 11:04 PM  Пользователь присоединился
15.08.21 11:04 PM  запущен поток с клиентом
15.08.21 11:05 PM  создано соедниение с клиентом
15.08.21 11:05 PM  Пользователь присоединился
15.08.21 11:05 PM  запущен поток с клиентом
15.08.21 11:06 PM  клиент ушёл. осталось 1
15.08.21 11:07 PM  клиент ушёл. осталось 0
15.08.21 11:07 PM  создано соедниение с клиентом
15.08.21 11:07 PM  Пользователь присоединился
15.08.21 11:07 PM  запущен поток с клиентом
15.08.21 11:11 PM  создано соедниение с клиентом
15.08.21 11:11 PM  Пользователь присоединился
15.08.21 11:11 PM  запущен поток с клиентом
15.08.21 11:12 PM  клиент ушёл. осталось 1
15.08.21 11:22 PM  создано соедниение с клиентом
15.08.21 11:22 PM  Пользователь присоединился
15.08.21 11:22 PM  запущен поток с клиентом
15.08.21 11:23 PM  клиент ушёл. осталось 1
15.08.21 11:25 PM  создано соедниение с клиентом
15.08.21 11:25 PM  Пользователь присоединился
15.08.21 11:25 PM  запущен поток с клиентом
15.08.21 11:25 PM  создано соедниение с клиентом
15.08.21 11:25 PM  Пользователь присоединился
15.08.21 11:25 PM  запущен поток с клиентом
15.08.21 11:28 PM  создано соедниение с клиентом
15.08.21 11:28 PM  Пользователь присоединился
15.08.21 11:28 PM  запущен поток с клиентом
15.08.21 11:29 PM  клиент ушёл. осталось 3
15.08.21 11:30 PM  клиент ушёл. осталось 2
15.08.21 11:30 PM  клиент ушёл. осталось 1
15.08.21 11:30 PM  клиент ушёл. осталось 0